[debug] [2021-08-17T11:53:55.750Z] ----------------------------------------------------------------------
[debug] [2021-08-17T11:53:55.752Z] Command:       C:\Program Files\nodejs\node.exe C:\Users\USER\AppData\Roaming\npm\node_modules\firebase-tools\lib\bin\firebase.js deploy
[debug] [2021-08-17T11:53:55.753Z] CLI Version:   9.16.5
[debug] [2021-08-17T11:53:55.753Z] Platform:      win32
[debug] [2021-08-17T11:53:55.753Z] Node Version:  v14.17.0
[debug] [2021-08-17T11:53:55.754Z] Time:          Tue Aug 17 2021 17:23:55 GMT+0530 (India Standard Time)
[debug] [2021-08-17T11:53:55.754Z] ----------------------------------------------------------------------
[debug] 
[debug] [2021-08-17T11:53:55.810Z] > command requires scopes: ["email","openid","https://www.googleapis.com/auth/cloudplatformprojects.readonly","https://www.googleapis.com/auth/firebase","https://www.googleapis.com/auth/cloud-platform"]
[debug] [2021-08-17T11:53:55.810Z] > authorizing via signed-in user (ronipaul9972@gmail.com)
[debug] [2021-08-17T11:53:55.810Z] [iam] checking project roni-paul for permissions ["firebase.projects.get","firebasehosting.sites.update"]
[debug] [2021-08-17T11:53:55.812Z] >>> HTTP REQUEST POST https://cloudresourcemanager.googleapis.com/v1/projects/roni-paul:testIamPermissions  
 {"permissions":["firebase.projects.get","firebasehosting.sites.update"]}
[debug] [2021-08-17T11:53:57.559Z] <<< HTTP RESPONSE 200 {"content-type":"application/json; charset=UTF-8","vary":"X-Origin, Referer, Origin,Accept-Encoding","date":"Tue, 17 Aug 2021 11:53:57 GMT","server":"ESF","cache-control":"private","x-xss-protection":"0","x-frame-options":"SAMEORIGIN","x-content-type-options":"nosniff","server-timing":"gfet4t7; dur=1399","alt-svc":"h3=\":443\"; ma=2592000,h3-29=\":443\"; ma=2592000,h3-T051=\":443\"; ma=2592000,h3-Q050=\":443\"; ma=2592000,h3-Q046=\":443\"; ma=2592000,h3-Q043=\":443\"; ma=2592000,quic=\":443\"; ma=2592000; v=\"46,43\"","accept-ranges":"none","transfer-encoding":"chunked"}
[debug] [2021-08-17T11:53:57.561Z] > refreshing access token with scopes: []
[debug] [2021-08-17T11:53:57.561Z] >>> HTTP REQUEST POST https://www.googleapis.com/oauth2/v3/token  
 <request body omitted>
[debug] [2021-08-17T11:53:57.938Z] <<< HTTP RESPONSE 200 {"expires":"Mon, 01 Jan 1990 00:00:00 GMT","pragma":"no-cache","date":"Tue, 17 Aug 2021 11:53:57 GMT","cache-control":"no-cache, no-store, max-age=0, must-revalidate","content-type":"application/json; charset=utf-8","vary":"X-Origin, Referer, Origin,Accept-Encoding","server":"scaffolding on HTTPServer2","x-xss-protection":"0","x-frame-options":"SAMEORIGIN","x-content-type-options":"nosniff","alt-svc":"h3=\":443\"; ma=2592000,h3-29=\":443\"; ma=2592000,h3-T051=\":443\"; ma=2592000,h3-Q050=\":443\"; ma=2592000,h3-Q046=\":443\"; ma=2592000,h3-Q043=\":443\"; ma=2592000,quic=\":443\"; ma=2592000; v=\"46,43\"","accept-ranges":"none","transfer-encoding":"chunked"}
[debug] [2021-08-17T11:53:57.956Z] >>> [apiv2][query] GET https://firebase.googleapis.com/v1beta1/projects/roni-paul [none]
[debug] [2021-08-17T11:53:58.668Z] <<< [apiv2][status] GET https://firebase.googleapis.com/v1beta1/projects/roni-paul 200
[debug] [2021-08-17T11:53:58.668Z] <<< [apiv2][body] GET https://firebase.googleapis.com/v1beta1/projects/roni-paul {"projectId":"roni-paul","projectNumber":"690927077878","displayName":"Roni-paul","name":"projects/roni-paul","resources":{"hostingSite":"roni-paul"},"state":"ACTIVE"}
[info] 
[info] === Deploying to 'roni-paul'...
[info] 
[info] i  deploying hosting 
[debug] [2021-08-17T11:53:58.673Z] > refreshing access token with scopes: ["email","https://www.googleapis.com/auth/cloud-platform","https://www.googleapis.com/auth/cloudplatformprojects.readonly","https://www.googleapis.com/auth/firebase","openid"]
[debug] [2021-08-17T11:53:58.673Z] >>> HTTP REQUEST POST https://www.googleapis.com/oauth2/v3/token  
 <request body omitted>
[debug] [2021-08-17T11:53:59.075Z] <<< HTTP RESPONSE 200 {"date":"Tue, 17 Aug 2021 11:53:58 GMT","cache-control":"no-cache, no-store, max-age=0, must-revalidate","pragma":"no-cache","expires":"Mon, 01 Jan 1990 00:00:00 GMT","content-type":"application/json; charset=utf-8","vary":"X-Origin, Referer, Origin,Accept-Encoding","server":"scaffolding on HTTPServer2","x-xss-protection":"0","x-frame-options":"SAMEORIGIN","x-content-type-options":"nosniff","alt-svc":"h3=\":443\"; ma=2592000,h3-29=\":443\"; ma=2592000,h3-T051=\":443\"; ma=2592000,h3-Q050=\":443\"; ma=2592000,h3-Q046=\":443\"; ma=2592000,h3-Q043=\":443\"; ma=2592000,quic=\":443\"; ma=2592000; v=\"46,43\"","accept-ranges":"none","transfer-encoding":"chunked"}
[debug] [2021-08-17T11:53:59.090Z] >>> HTTP REQUEST POST https://firebasehosting.googleapis.com/v1beta1/sites/roni-paul/versions  
 {"config":{"rewrites":[{"glob":"**","path":"/index.html"}]},"labels":{"deployment-tool":"cli-firebase"}}
[debug] [2021-08-17T11:54:01.410Z] <<< HTTP RESPONSE 200 {"content-type":"application/json; charset=UTF-8","vary":"X-Origin, Referer, Origin,Accept-Encoding","date":"Tue, 17 Aug 2021 11:54:01 GMT","server":"ESF","cache-control":"private","x-xss-protection":"0","x-frame-options":"SAMEORIGIN","x-content-type-options":"nosniff","alt-svc":"h3=\":443\"; ma=2592000,h3-29=\":443\"; ma=2592000,h3-T051=\":443\"; ma=2592000,h3-Q050=\":443\"; ma=2592000,h3-Q046=\":443\"; ma=2592000,h3-Q043=\":443\"; ma=2592000,quic=\":443\"; ma=2592000; v=\"46,43\"","accept-ranges":"none","transfer-encoding":"chunked"}
[info] i  hosting[roni-paul]: beginning deploy... 
[info] i  hosting[roni-paul]: found 30 files in build 
[debug] [2021-08-17T11:54:01.431Z] > refreshing access token with scopes: []
[debug] [2021-08-17T11:54:01.431Z] >>> HTTP REQUEST POST https://www.googleapis.com/oauth2/v3/token  
 <request body omitted>
[debug] [2021-08-17T11:54:01.433Z] [hosting] hash cache [YnVpbGQ] stored for 30 files
[debug] [2021-08-17T11:54:01.433Z] [hosting][hash queue][FINAL] {"max":3,"min":0,"avg":0,"active":0,"complete":30,"success":30,"errored":0,"retried":0,"total":30,"elapsed":5}
[debug] [2021-08-17T11:54:01.863Z] <<< HTTP RESPONSE 200 {"expires":"Mon, 01 Jan 1990 00:00:00 GMT","cache-control":"no-cache, no-store, max-age=0, must-revalidate","date":"Tue, 17 Aug 2021 11:54:01 GMT","pragma":"no-cache","content-type":"application/json; charset=utf-8","vary":"X-Origin, Referer, Origin,Accept-Encoding","server":"scaffolding on HTTPServer2","x-xss-protection":"0","x-frame-options":"SAMEORIGIN","x-content-type-options":"nosniff","alt-svc":"h3=\":443\"; ma=2592000,h3-29=\":443\"; ma=2592000,h3-T051=\":443\"; ma=2592000,h3-Q050=\":443\"; ma=2592000,h3-Q046=\":443\"; ma=2592000,h3-Q043=\":443\"; ma=2592000,quic=\":443\"; ma=2592000; v=\"46,43\"","accept-ranges":"none","transfer-encoding":"chunked"}
[debug] [2021-08-17T11:54:01.916Z] >>> [apiv2][query] POST https://firebasehosting.googleapis.com/v1beta1/sites/roni-paul/versions/7c683ef75e04eb70:populateFiles [none]
[debug] [2021-08-17T11:54:01.917Z] >>> [apiv2][body] POST https://firebasehosting.googleapis.com/v1beta1/sites/roni-paul/versions/7c683ef75e04eb70:populateFiles {"files":{"/404.html":"daa499dd96d8229e73235345702ba32f0793f0c8e5c0d30e40e37a5872be57aa","/asset-manifest.json":"889dc104ba20949ce82ea91b35447ea99822e448a2012a77b3731da083140f75","/favicon.ico":"eae62e993eb980ec8a25058c39d5a51feab118bd2100c4deebb2a9c158ec11f9","/index.html":"edd3e9a64331702d9297d1176f851350f5359d6791d54eb4adbd5aaa7f01ee04","/logo192.png":"3ee59515172ee198f3be375979df15ac5345183e656720a381b8872b2a39dc8b","/logo512.png":"ee7e2f3fdb8209c4b6fd7bef6ba50d1b9dba30a25bb5c3126df057e1cb6f5331","/manifest.json":"aff3449bdc238776f5d6d967f19ec491b36aed5fb7f23ccff6500736fd58494a","/robots.txt":"bfe106a3fb878dc83461c86818bf74fc1bdc7f28538ba613cd3e775516ce8b49","/static/css/main.9996b500.chunk.css":"ba380e28eda2a0f9078ecb9a6ce6f0f7bd2b897d3984cff638ca86f91f7bf9bd","/static/css/main.9996b500.chunk.css.map":"84edcf057854dfad87b883920024371fa0872fa21d43a661932009fa2b1a3f0b","/static/js/2.d46ade07.chunk.js":"8435d85fcfdcb8d4c28a1a9b368a7171e63a66cf68c3ea0fddb90f227a012ba4","/static/js/2.d46ade07.chunk.js.LICENSE.txt":"f123226b2d6a60d9d525de50950f3a42bf51bf424bc21f30b639f45a40445e7c","/static/js/2.d46ade07.chunk.js.map":"51fb1d280a9930a965f6e51b8a2e9e96ebfa18687095733d7f03c3787752db28","/static/js/3.566a26bb.chunk.js":"2c3345ea1959d12d9a0a1e0f72b19bed22adc8d0cc36194256f1a5985d0e2355","/static/js/3.566a26bb.chunk.js.map":"31de167a4f6dce2bdd90456e385eb6de9873999e99ffce7889de4e85ec030ba2","/static/js/main.83f8bd25.chunk.js":"afd099f42d9afb349ed7a0828ecdf745a1caaa028f6c72fce423ba24ec56b408","/static/js/main.83f8bd25.chunk.js.map":"bba797b078c920719e3430e6b61d6652fa052b123032d2d93c1f8887444e8456","/static/js/runtime-main.81697f97.js":"2cd4100585aefaad3dcde8ffa92b9c422de7311106f2e4daaf273cbade051e41","/static/js/runtime-main.81697f97.js.map":"f7293862c920c40a09422909b91094c829c2f9163f48259d2422d901d412ada9","/static/media/Agustina.320d237b.otf":"ac880b31a8db41afabd9dd772c77b39c4934de93b0fc191c4ab1fd85fc895c98","/static/media/fontawesome-webfont.1e59d233.ttf":"d9cef07d4f3569883fb4c3db76acea5478cef80775d012841eb78a42e60a8e89","/static/media/fontawesome-webfont.20fd1704.woff2":"38d88317bebc79b4945a679daadd47daebbadc5cd13b41473143394ca7e8d892","/static/media/fontawesome-webfont.8b43027f.eot":"4944999b255adf473d5b86b300eba33737e8f598c17f24e82a28582393331209","/static/media/fontawesome-webfont.c1e38fd9.svg":"9b74ca5333a9ca156ae6ef0920d5bc42d283e95d25651bf4375404f0407a63ab","/static/media/fontawesome-webfont.f691f37e.woff":"b51c2c79cce89b7c5947672c13f735c24ee1a9f8f6ebdb957c5fdfe567f27d37","/static/media/nucleo-icons.01ebecaf.svg":"3808bcc4b31b9ad1d946c9faf5cddc773e36fb93a587e8f7419a582cd9679d3c","/static/media/nucleo-icons.19abb540.eot":"1b9ce2b0e76567f73989a7c808a27327efeb6617a1b796c05395047478dcd921","/static/media/nucleo-icons.c82c9b7c.woff":"983a68a893b7959c33da0fb4efab6b1ed6b83b1e725969f1dc67c88f145fd2b2","/static/media/nucleo-icons.cba26748.woff2":"5d5bdccc436105bbdb564d268180455d172872071e7450ba236f2d1117bd8b3a","/static/media/nucleo-icons.d6a66724.ttf":"8e397586ce7012c2803df6b88320df0aeafbae22b3b595d3be093edb49043869"}}
[debug] [2021-08-17T11:54:04.613Z] <<< [apiv2][status] POST https://firebasehosting.googleapis.com/v1beta1/sites/roni-paul/versions/7c683ef75e04eb70:populateFiles 200
[debug] [2021-08-17T11:54:04.613Z] <<< [apiv2][body] POST https://firebasehosting.googleapis.com/v1beta1/sites/roni-paul/versions/7c683ef75e04eb70:populateFiles {"uploadUrl":"https://upload-firebasehosting.googleapis.com/upload/sites/roni-paul/versions/7c683ef75e04eb70/files"}
[debug] [2021-08-17T11:54:04.613Z] [hosting][populate queue][FINAL] {"max":3182,"min":3182,"avg":3182,"active":0,"complete":1,"success":1,"errored":0,"retried":0,"total":1,"elapsed":3182}
[debug] [2021-08-17T11:54:04.613Z] [hosting] uploads queued: 0
[debug] [2021-08-17T11:54:04.613Z] [hosting][upload queue][FINAL] {"max":0,"min":9999999999,"avg":0,"active":0,"complete":0,"success":0,"errored":0,"retried":0,"total":0,"elapsed":1629201244613}
[info] +  hosting[roni-paul]: file upload complete 
[debug] [2021-08-17T11:54:04.614Z] [hosting] deploy completed after 3203ms
[debug] [2021-08-17T11:54:04.616Z] [
  {
    "config": {
      "public": "build",
      "ignore": [
        "firebase.json",
        "**/.*",
        "**/node_modules/**"
      ],
      "rewrites": [
        {
          "source": "**",
          "destination": "/index.html"
        }
      ],
      "site": "roni-paul"
    },
    "site": "roni-paul",
    "version": "sites/roni-paul/versions/7c683ef75e04eb70"
  }
]
[info] i  hosting[roni-paul]: finalizing version... 
[debug] [2021-08-17T11:54:04.617Z] > refreshing access token with scopes: ["email","https://www.googleapis.com/auth/cloud-platform","https://www.googleapis.com/auth/cloudplatformprojects.readonly","https://www.googleapis.com/auth/firebase","openid"]
[debug] [2021-08-17T11:54:04.617Z] >>> HTTP REQUEST POST https://www.googleapis.com/oauth2/v3/token  
 <request body omitted>
[debug] [2021-08-17T11:54:05.011Z] <<< HTTP RESPONSE 200 {"expires":"Mon, 01 Jan 1990 00:00:00 GMT","cache-control":"no-cache, no-store, max-age=0, must-revalidate","date":"Tue, 17 Aug 2021 11:54:04 GMT","pragma":"no-cache","content-type":"application/json; charset=utf-8","vary":"X-Origin, Referer, Origin,Accept-Encoding","server":"scaffolding on HTTPServer2","x-xss-protection":"0","x-frame-options":"SAMEORIGIN","x-content-type-options":"nosniff","alt-svc":"h3=\":443\"; ma=2592000,h3-29=\":443\"; ma=2592000,h3-T051=\":443\"; ma=2592000,h3-Q050=\":443\"; ma=2592000,h3-Q046=\":443\"; ma=2592000,h3-Q043=\":443\"; ma=2592000,quic=\":443\"; ma=2592000; v=\"46,43\"","accept-ranges":"none","transfer-encoding":"chunked"}
[debug] [2021-08-17T11:54:05.026Z] >>> HTTP REQUEST PATCH https://firebasehosting.googleapis.com/v1beta1/sites/roni-paul/versions/7c683ef75e04eb70?updateMask=status  
 {"status":"FINALIZED"}
